Running exp2 | config: configs/smoke_test_1pct.yaml | resume: False
Config filter: ['BASELINE_CANONICAL_FLIP', 'BASELINE_FLAT_FIELD', 'BASELINE_CLAHE', 'BASELINE_AUGMENTATION']
Loading EyePACS index …
  35126 images | 17563 patients
  3-fold splits verified (no leakage)

=================================================================
PART A — V4 Component Ablation
=================================================================

=================================================================
  Ablation Level: baseline
  Description: Stages 1+4 only: FOV crop+resize + ImageNet normalize
=================================================================
  Quality — CNR=13.912  Entropy=5.887  SSIM=0.703

  [Level baseline | Fold 1/3]
  Fold 0 | Epoch 000 | loss 1.1430 → 0.9902 | F1 0.7499 | AUC 0.8683 | κ 0.6947 | 6713.1s
  Fold 0 | Epoch 001 | loss 0.9417 → 0.9388 | F1 0.7797 | AUC 0.8823 | κ 0.7225 | 7088.4s
  Fold 0 | Epoch 002 | loss 0.8448 → 0.9760 | F1 0.7530 | AUC 0.8935 | κ 0.7133 | 7592.5s
  Fold 0 | Epoch 003 | loss 0.7709 → 1.0612 | F1 0.8027 | AUC 0.8896 | κ 0.7632 | 8261.6s
  Fold 0 | Epoch 004 | loss 0.6963 → 1.2562 | F1 0.8099 | AUC 0.8838 | κ 0.7395 | 8274.7s
  Fold 0 | Epoch 005 | loss 0.6223 → 1.2292 | F1 0.7977 | AUC 0.8717 | κ 0.7633 | 8909.1s
  Fold 0 | Epoch 006 | loss 0.5442 → 1.2976 | F1 0.7684 | AUC 0.8737 | κ 0.7301 | 7641.5s
  Fold 0 | Epoch 007 | loss 0.4915 → 1.4067 | F1 0.7748 | AUC 0.8643 | κ 0.7422 | 6459.5s
  Fold 0 | Epoch 008 | loss 0.4355 → 1.5765 | F1 0.8048 | AUC 0.8570 | κ 0.7634 | 7901.7s
  Fold 0 | Epoch 009 | loss 0.2637 → 2.0060 | F1 0.8040 | AUC 0.8469 | κ 0.7548 | 7081.9s
  Early stopping at epoch 9 (patience=5)
  Best F1=0.8099

  [Level baseline | Fold 2/3]
  Fold 1 | Epoch 000 | loss 1.1421 → 0.9786 | F1 0.7357 | AUC 0.8567 | κ 0.6908 | 7019.0s
  Fold 1 | Epoch 001 | loss 0.9344 → 0.9670 | F1 0.7278 | AUC 0.8662 | κ 0.6977 | 7207.0s
  Fold 1 | Epoch 002 | loss 0.8256 → 0.9291 | F1 0.7728 | AUC 0.8893 | κ 0.7278 | 6158.0s
  Fold 1 | Epoch 003 | loss 0.7653 → 0.9555 | F1 0.7891 | AUC 0.8816 | κ 0.7546 | 6160.9s
  Fold 1 | Epoch 004 | loss 0.7141 → 1.1680 | F1 0.7946 | AUC 0.8807 | κ 0.7520 | 6141.7s
  Fold 1 | Epoch 005 | loss 0.6170 → 1.4991 | F1 0.7827 | AUC 0.8572 | κ 0.7433 | 6135.6s
  Fold 1 | Epoch 006 | loss 0.5568 → 1.3695 | F1 0.7933 | AUC 0.8752 | κ 0.7621 | 6136.9s
  Fold 1 | Epoch 007 | loss 0.4919 → 1.3697 | F1 0.7646 | AUC 0.8559 | κ 0.7149 | 6134.5s
  Fold 1 | Epoch 008 | loss 0.4463 → 1.7377 | F1 0.8132 | AUC 0.8569 | κ 0.7653 | 6134.0s
  Fold 1 | Epoch 009 | loss 0.4152 → 1.7254 | F1 0.7670 | AUC 0.8401 | κ 0.6851 | 6131.1s
  Fold 1 | Epoch 010 | loss 0.3902 → 1.7277 | F1 0.7935 | AUC 0.8463 | κ 0.7664 | 6157.5s
  Fold 1 | Epoch 011 | loss 0.3834 → 1.8428 | F1 0.7819 | AUC 0.8330 | κ 0.7249 | 6195.6s
  Fold 1 | Epoch 012 | loss 0.3730 → 1.7988 | F1 0.7861 | AUC 0.8553 | κ 0.7333 | 6451.2s
  Fold 1 | Epoch 013 | loss 0.2178 → 2.2438 | F1 0.8173 | AUC 0.8526 | κ 0.7929 | 6603.5s
  Fold 1 | Epoch 014 | loss 0.1677 → 2.7170 | F1 0.8145 | AUC 0.8062 | κ 0.7677 | 7022.2s
  Fold 1 | Epoch 015 | loss 0.1554 → 2.7888 | F1 0.8199 | AUC 0.8374 | κ 0.7808 | 5981.2s
  Fold 1 | Epoch 016 | loss 0.1598 → 2.5779 | F1 0.7943 | AUC 0.8275 | κ 0.7556 | 5979.3s
  Fold 1 | Epoch 017 | loss 0.1400 → 2.7083 | F1 0.8006 | AUC 0.8132 | κ 0.7624 | 7578.4s
  Fold 1 | Epoch 018 | loss 0.1529 → 3.1216 | F1 0.8170 | AUC 0.8176 | κ 0.7761 | 6701.4s
  Fold 1 | Epoch 019 | loss 0.1571 → 3.1499 | F1 0.8094 | AUC 0.8118 | κ 0.7708 | 6713.1s
  Best F1=0.8199

  [Level baseline | Fold 3/3]
  Fold 2 | Epoch 000 | loss 1.1583 → 0.9714 | F1 0.7171 | AUC 0.8601 | κ 0.6668 | 6715.9s
  Fold 2 | Epoch 001 | loss 0.9507 → 0.8936 | F1 0.7939 | AUC 0.8977 | κ 0.7193 | 6727.9s
  Fold 2 | Epoch 002 | loss 0.8683 → 0.9757 | F1 0.6607 | AUC 0.8774 | κ 0.6819 | 6738.3s
Traceback (most recent call last):
  File "/home/yesmu/dr-classifier/run_experiment.py", line 137, in <module>
    main()
  File "/home/yesmu/dr-classifier/run_experiment.py", line 133, in main
    _dispatch(args.experiment, exp_config, fold=args.fold, resume=args.resume, configs_filter=configs_filter)
  File "/home/yesmu/dr-classifier/run_experiment.py", line 75, in _dispatch
    mod.run(config, fold=fold, resume=resume, _configs_to_run=configs_filter)
  File "/home/yesmu/dr-classifier/src/experiments/exp2_ablation.py", line 537, in run
    ablation_results = _run_ablation(
  File "/home/yesmu/dr-classifier/src/experiments/exp2_ablation.py", line 318, in _run_ablation
    best = trainer.train_fold(
  File "/home/yesmu/dr-classifier/src/training/trainer.py", line 251, in train_fold
    train_metrics = self.train_one_epoch(
  File "/home/yesmu/dr-classifier/src/training/trainer.py", line 105, in train_one_epoch
    torch.nn.utils.clip_grad_norm_(model.parameters(), max_norm=1.0)
  File "/home/yesmu/miniconda3/envs/dr-classifier/lib/python3.10/site-packages/torch/nn/utils/clip_grad.py", line 30, in _no_grad_wrapper
    return func(*args, **kwargs)
  File "/home/yesmu/miniconda3/envs/dr-classifier/lib/python3.10/site-packages/torch/nn/utils/clip_grad.py", line 105, in clip_grad_norm_
    clip_coef = max_norm / (total_norm + 1e-6)
  File "/home/yesmu/miniconda3/envs/dr-classifier/lib/python3.10/site-packages/torch/_tensor.py", line 39, in wrapped
    return f(*args, **kwargs)
  File "/home/yesmu/miniconda3/envs/dr-classifier/lib/python3.10/site-packages/torch/_tensor.py", line 1032, in __rdiv__
    return self.reciprocal() * other
RuntimeError: CUDA error: unknown error
CUDA kernel errors might be asynchronously reported at some other API call, so the stacktrace below might be incorrect.
For debugging consider passing CUDA_LAUNCH_BLOCKING=1
Compile with `TORCH_USE_CUDA_DSA` to enable device-side assertions.

